C:\Program Files (x86)\Microsoft Visual Studio\2017\Enterprise\Common7\IDE\VC\VCTargets\Microsoft.CppBuild.targets(391,5): warning MSB8028: The intermediate directory (x64\Debug\) contains files shared from another project (FaceAlignment.vcxproj).  This can lead to incorrect clean and rebuild behavior.
  aligner.cpp
d:\git\seetafaceengine\faceidentification\include\spatial_transform_net.h(59): warning C4244: '+=': conversion from '_Ty' to 'float', possible loss of data
          with
          [
              _Ty=double
          ]
d:\git\seetafaceengine\faceidentification\tools\aligner.cpp(58): warning C4305: 'initializing': truncation from 'double' to 'float'
d:\git\seetafaceengine\faceidentification\tools\aligner.cpp(106): warning C4305: 'initializing': truncation from 'double' to 'float'
d:\git\seetafaceengine\faceidentification\tools\aligner.cpp(108): warning C4244: '*=': conversion from 'double' to 'float', possible loss of data
d:\git\seetafaceengine\faceidentification\tools\aligner.cpp(109): warning C4244: '*=': conversion from 'double' to 'float', possible loss of data
  face_identification.cpp
d:\git\seetafaceengine\faceidentification\include\face_identification.h(44): warning C4010: single-line comment contains line-continuation character
d:\git\seetafaceengine\faceidentification\include\face_identification.h(46): warning C4010: single-line comment contains line-continuation character
d:\git\seetafaceengine\faceidentification\include\face_identification.h(47): warning C4010: single-line comment contains line-continuation character
d:\git\seetafaceengine\faceidentification\include\face_identification.h(53): warning C4010: single-line comment contains line-continuation character
d:\git\seetafaceengine\faceidentification\include\face_identification.h(70): warning C4010: single-line comment contains line-continuation character
d:\git\seetafaceengine\faceidentification\include\face_identification.h(71): warning C4010: single-line comment contains line-continuation character
d:\git\seetafaceengine\faceidentification\include\face_identification.h(82): warning C4010: single-line comment contains line-continuation character
d:\git\seetafaceengine\faceidentification\tools\face_identification.cpp(85): warning C4244: '=': conversion from 'const double' to 'float', possible loss of data
d:\git\seetafaceengine\faceidentification\tools\face_identification.cpp(86): warning C4244: '=': conversion from 'const double' to 'float', possible loss of data
d:\git\seetafaceengine\faceidentification\tools\face_identification.cpp(108): warning C4244: '=': conversion from 'const double' to 'float', possible loss of data
d:\git\seetafaceengine\faceidentification\tools\face_identification.cpp(109): warning C4244: '=': conversion from 'const double' to 'float', possible loss of data
  Generating Code...
     Creating library D:\git\SeetaFaceEngine\FaceIdentification\Identification\x64\Debug\FaceIdentification.lib and object D:\git\SeetaFaceEngine\FaceIdentification\Identification\x64\Debug\FaceIdentification.exp
  FaceIdentification.vcxproj -> D:\git\SeetaFaceEngine\FaceIdentification\Identification\x64\Debug\FaceIdentification.dll
