d:\git\seetafaceengine\faceidentification\identification\faceidentification\x64\debug\vc141.pdb
d:\git\seetafaceengine\faceidentification\identification\faceidentification\x64\debug\vc141.idb
d:\git\seetafaceengine\faceidentification\identification\faceidentification\x64\debug\tform_maker_net.obj
d:\git\seetafaceengine\faceidentification\identification\faceidentification\x64\debug\spatial_transform_net.obj
d:\git\seetafaceengine\faceidentification\identification\faceidentification\x64\debug\pad_net.obj
d:\git\seetafaceengine\faceidentification\identification\faceidentification\x64\debug\net.obj
d:\git\seetafaceengine\faceidentification\identification\faceidentification\x64\debug\max_pooling_net.obj
d:\git\seetafaceengine\faceidentification\identification\faceidentification\x64\debug\math_functions.obj
d:\git\seetafaceengine\faceidentification\identification\faceidentification\x64\debug\log.obj
d:\git\seetafaceengine\faceidentification\identification\faceidentification\x64\debug\inner_product_net.obj
d:\git\seetafaceengine\faceidentification\identification\faceidentification\x64\debug\eltwise_net.obj
d:\git\seetafaceengine\faceidentification\identification\faceidentification\x64\debug\conv_net.obj
d:\git\seetafaceengine\faceidentification\identification\faceidentification\x64\debug\common_net.obj
d:\git\seetafaceengine\faceidentification\identification\faceidentification\x64\debug\bn_net.obj
d:\git\seetafaceengine\faceidentification\identification\faceidentification\x64\debug\blob.obj
d:\git\seetafaceengine\faceidentification\identification\faceidentification\x64\debug\bias_adder_net.obj
d:\git\seetafaceengine\faceidentification\identification\x64\debug\faceidentification.ilk
d:\git\seetafaceengine\faceidentification\identification\x64\debug\faceidentification.dll
d:\git\seetafaceengine\faceidentification\identification\x64\debug\faceidentification.pdb
d:\git\seetafaceengine\faceidentification\identification\faceidentification\x64\debug\faceiden.f3814773.tlog\cl.command.1.tlog
d:\git\seetafaceengine\faceidentification\identification\faceidentification\x64\debug\faceiden.f3814773.tlog\cl.read.1.tlog
d:\git\seetafaceengine\faceidentification\identification\faceidentification\x64\debug\faceiden.f3814773.tlog\cl.write.1.tlog
d:\git\seetafaceengine\faceidentification\identification\faceidentification\x64\debug\faceiden.f3814773.tlog\link.command.1.tlog
d:\git\seetafaceengine\faceidentification\identification\faceidentification\x64\debug\faceiden.f3814773.tlog\link.read.1.tlog
d:\git\seetafaceengine\faceidentification\identification\faceidentification\x64\debug\faceiden.f3814773.tlog\link.write.1.tlog
