d:\git\seetafaceengine\facedetection\detection\facedetection\x64\debug\vc141.pdb
d:\git\seetafaceengine\facedetection\detection\facedetection\x64\debug\vc141.idb
d:\git\seetafaceengine\facedetection\detection\facedetection\x64\debug\nms.obj
d:\git\seetafaceengine\facedetection\detection\facedetection\x64\debug\image_pyramid.obj
d:\git\seetafaceengine\facedetection\detection\facedetection\x64\debug\surf_mlp_model_reader.obj
d:\git\seetafaceengine\facedetection\detection\facedetection\x64\debug\lab_boost_model_reader.obj
d:\git\seetafaceengine\facedetection\detection\facedetection\x64\debug\fust.obj
d:\git\seetafaceengine\facedetection\detection\facedetection\x64\debug\surf_feature_map.obj
d:\git\seetafaceengine\facedetection\detection\facedetection\x64\debug\lab_feature_map.obj
d:\git\seetafaceengine\facedetection\detection\facedetection\x64\debug\face_detection.obj
d:\git\seetafaceengine\facedetection\detection\facedetection\x64\debug\surf_mlp.obj
d:\git\seetafaceengine\facedetection\detection\facedetection\x64\debug\mlp.obj
d:\git\seetafaceengine\facedetection\detection\facedetection\x64\debug\lab_boosted_classifier.obj
d:\git\seetafaceengine\facedetection\detection\x64\debug\facedetection.lib
d:\git\seetafaceengine\facedetection\detection\x64\debug\facedetection.exp
d:\git\seetafaceengine\facedetection\detection\x64\debug\facedetection.ilk
d:\git\seetafaceengine\facedetection\detection\x64\debug\facedetection.dll
d:\git\seetafaceengine\facedetection\detection\x64\debug\facedetection.pdb
d:\git\seetafaceengine\facedetection\detection\facedetection\x64\debug\facedetection.tlog\cl.command.1.tlog
d:\git\seetafaceengine\facedetection\detection\facedetection\x64\debug\facedetection.tlog\cl.read.1.tlog
d:\git\seetafaceengine\facedetection\detection\facedetection\x64\debug\facedetection.tlog\cl.write.1.tlog
d:\git\seetafaceengine\facedetection\detection\facedetection\x64\debug\facedetection.tlog\facedetection.write.1u.tlog
d:\git\seetafaceengine\facedetection\detection\facedetection\x64\debug\facedetection.tlog\link.command.1.tlog
d:\git\seetafaceengine\facedetection\detection\facedetection\x64\debug\facedetection.tlog\link.read.1.tlog
d:\git\seetafaceengine\facedetection\detection\facedetection\x64\debug\facedetection.tlog\link.write.1.tlog
